Arguments: 
  /Users/wan/.nvm/versions/node/v6.11.0/bin/node /usr/local/bin/yarn -v

PATH: 
  /Users/wan/.nvm/versions/node/v6.11.0/bin:/usr/local/sbin:/usr/local/bin:/usr/bin:/bin:/usr/sbin:/sbin

Yarn version: 
  0.27.5

Node version: 
  6.11.0

Platform: 
  darwin x64

npm manifest: 
  {
    "name": "webpack-hello",
    "version": "1.0.0",
    "description": "sample webpack",
    "main": "index.js",
    "scripts": {
      "start": "webpack --config webpack.config.js --progress --colors --display-reasons --display-modules"
    },
    "devDependencies": {
      "autoprefixer": "^7.1.2",
      "babel-core": "^6.25.0",
      "babel-loader": "^7.1.1",
      "babel-preset-latest": "^6.24.1",
      "css-loader": "^0.28.4",
      "ejs-loader": "^0.3.0",
      "file-loader": "^0.11.2",
      "html-loader": "^0.4.5",
      "html-webpack-plugin": "^2.29.0",
      "image-webpack-loader": "^3.3.1",
      "less": "^2.7.2",
      "less-loader": "^4.0.5",
      "postcss-import": "^10.0.0",
      "postcss-loader": "^2.0.6",
      "style-loader": "^0.18.2",
      "url-loader": "^0.5.9",
      "webpack": "^2.2.0"
    },
    "author": "wyf",
    "license": "ISC"
  }

yarn manifest: 
  No manifest

Lockfile: 
  No lockfile

Trace: 
  Error: https://registry.yarnpkg.com/autoprefixer: ETIMEDOUT
      at Timeout._onTimeout (/usr/local/Cellar/yarn/0.27.5/libexec/lib/yarn-cli.js:114906:19)
      at ontimeout (timers.js:386:14)
      at tryOnTimeout (timers.js:250:5)
      at Timer.listOnTimeout (timers.js:214:5)
